<?xml version="1.0" encoding="UTF-8"?>
<testsuite xmlns:xsi="http://www.w3.org/2001/XMLSchema-instance" xsi:noNamespaceSchemaLocation="https://maven.apache.org/surefire/maven-surefire-plugin/xsd/surefire-test-report-3.0.xsd" version="3.0" name="com.backend.show.ShowApplicationTests" time="5.683" tests="1" errors="0" skipped="0" failures="0">
  <properties>
    <property name="java.specification.version" value="20"/>
    <property name="sun.jnu.encoding" value="UTF-8"/>
    <property name="java.class.path" value="/Users/ashutosh.bhalothia/Downloads/ashu/show/target/test-classes:/Users/ashutosh.bhalothia/Downloads/ashu/show/target/classes:/Users/ashutosh.bhalothia/.m2/repository/org/springframework/boot/spring-boot-starter-data-mongodb/3.2.2/spring-boot-starter-data-mongodb-3.2.2.jar:/Users/ashutosh.bhalothia/.m2/repository/org/springframework/boot/spring-boot-starter/3.2.2/spring-boot-starter-3.2.2.jar:/Users/ashutosh.bhalothia/.m2/repository/org/springframework/boot/spring-boot/3.2.2/spring-boot-3.2.2.jar:/Users/ashutosh.bhalothia/.m2/repository/org/springframework/boot/spring-boot-autoconfigure/3.2.2/spring-boot-autoconfigure-3.2.2.jar:/Users/ashutosh.bhalothia/.m2/repository/org/springframework/boot/spring-boot-starter-logging/3.2.2/spring-boot-starter-logging-3.2.2.jar:/Users/ashutosh.bhalothia/.m2/repository/ch/qos/logback/logback-classic/1.4.14/logback-classic-1.4.14.jar:/Users/ashutosh.bhalothia/.m2/repository/ch/qos/logback/logback-core/1.4.14/logback-core-1.4.14.jar:/Users/ashutosh.bhalothia/.m2/repository/org/apache/logging/log4j/log4j-to-slf4j/2.21.1/log4j-to-slf4j-2.21.1.jar:/Users/ashutosh.bhalothia/.m2/repository/org/apache/logging/log4j/log4j-api/2.21.1/log4j-api-2.21.1.jar:/Users/ashutosh.bhalothia/.m2/repository/org/slf4j/jul-to-slf4j/2.0.11/jul-to-slf4j-2.0.11.jar:/Users/ashutosh.bhalothia/.m2/repository/jakarta/annotation/jakarta.annotation-api/2.1.1/jakarta.annotation-api-2.1.1.jar:/Users/ashutosh.bhalothia/.m2/repository/org/yaml/snakeyaml/2.2/snakeyaml-2.2.jar:/Users/ashutosh.bhalothia/.m2/repository/org/mongodb/mongodb-driver-sync/4.11.1/mongodb-driver-sync-4.11.1.jar:/Users/ashutosh.bhalothia/.m2/repository/org/mongodb/bson/4.11.1/bson-4.11.1.jar:/Users/ashutosh.bhalothia/.m2/repository/org/mongodb/mongodb-driver-core/4.11.1/mongodb-driver-core-4.11.1.jar:/Users/ashutosh.bhalothia/.m2/repository/org/mongodb/bson-record-codec/4.11.1/bson-record-codec-4.11.1.jar:/Users/ashutosh.bhalothia/.m2/repository/org/springframework/data/spring-data-mongodb/4.2.2/spring-data-mongodb-4.2.2.jar:/Users/ashutosh.bhalothia/.m2/repository/org/springframework/spring-tx/6.1.3/spring-tx-6.1.3.jar:/Users/ashutosh.bhalothia/.m2/repository/org/springframework/spring-context/6.1.3/spring-context-6.1.3.jar:/Users/ashutosh.bhalothia/.m2/repository/org/springframework/spring-beans/6.1.3/spring-beans-6.1.3.jar:/Users/ashutosh.bhalothia/.m2/repository/org/springframework/spring-expression/6.1.3/spring-expression-6.1.3.jar:/Users/ashutosh.bhalothia/.m2/repository/org/springframework/data/spring-data-commons/3.2.2/spring-data-commons-3.2.2.jar:/Users/ashutosh.bhalothia/.m2/repository/org/springframework/boot/spring-boot-starter-web/3.2.2/spring-boot-starter-web-3.2.2.jar:/Users/ashutosh.bhalothia/.m2/repository/org/springframework/boot/spring-boot-starter-json/3.2.2/spring-boot-starter-json-3.2.2.jar:/Users/ashutosh.bhalothia/.m2/repository/com/fasterxml/jackson/core/jackson-databind/2.15.3/jackson-databind-2.15.3.jar:/Users/ashutosh.bhalothia/.m2/repository/com/fasterxml/jackson/core/jackson-annotations/2.15.3/jackson-annotations-2.15.3.jar:/Users/ashutosh.bhalothia/.m2/repository/com/fasterxml/jackson/core/jackson-core/2.15.3/jackson-core-2.15.3.jar:/Users/ashutosh.bhalothia/.m2/repository/com/fasterxml/jackson/datatype/jackson-datatype-jdk8/2.15.3/jackson-datatype-jdk8-2.15.3.jar:/Users/ashutosh.bhalothia/.m2/repository/com/fasterxml/jackson/datatype/jackson-datatype-jsr310/2.15.3/jackson-datatype-jsr310-2.15.3.jar:/Users/ashutosh.bhalothia/.m2/repository/com/fasterxml/jackson/module/jackson-module-parameter-names/2.15.3/jackson-module-parameter-names-2.15.3.jar:/Users/ashutosh.bhalothia/.m2/repository/org/springframework/boot/spring-boot-starter-tomcat/3.2.2/spring-boot-starter-tomcat-3.2.2.jar:/Users/ashutosh.bhalothia/.m2/repository/org/apache/tomcat/embed/tomcat-embed-core/10.1.18/tomcat-embed-core-10.1.18.jar:/Users/ashutosh.bhalothia/.m2/repository/org/apache/tomcat/embed/tomcat-embed-el/10.1.18/tomcat-embed-el-10.1.18.jar:/Users/ashutosh.bhalothia/.m2/repository/org/apache/tomcat/embed/tomcat-embed-websocket/10.1.18/tomcat-embed-websocket-10.1.18.jar:/Users/ashutosh.bhalothia/.m2/repository/org/springframework/spring-web/6.1.3/spring-web-6.1.3.jar:/Users/ashutosh.bhalothia/.m2/repository/io/micrometer/micrometer-observation/1.12.2/micrometer-observation-1.12.2.jar:/Users/ashutosh.bhalothia/.m2/repository/io/micrometer/micrometer-commons/1.12.2/micrometer-commons-1.12.2.jar:/Users/ashutosh.bhalothia/.m2/repository/org/springframework/spring-webmvc/6.1.3/spring-webmvc-6.1.3.jar:/Users/ashutosh.bhalothia/.m2/repository/org/springframework/spring-aop/6.1.3/spring-aop-6.1.3.jar:/Users/ashutosh.bhalothia/.m2/repository/org/projectlombok/lombok/1.18.30/lombok-1.18.30.jar:/Users/ashutosh.bhalothia/.m2/repository/org/springframework/boot/spring-boot-starter-test/3.2.2/spring-boot-starter-test-3.2.2.jar:/Users/ashutosh.bhalothia/.m2/repository/org/springframework/boot/spring-boot-test/3.2.2/spring-boot-test-3.2.2.jar:/Users/ashutosh.bhalothia/.m2/repository/org/springframework/boot/spring-boot-test-autoconfigure/3.2.2/spring-boot-test-autoconfigure-3.2.2.jar:/Users/ashutosh.bhalothia/.m2/repository/com/jayway/jsonpath/json-path/2.8.0/json-path-2.8.0.jar:/Users/ashutosh.bhalothia/.m2/repository/jakarta/xml/bind/jakarta.xml.bind-api/4.0.1/jakarta.xml.bind-api-4.0.1.jar:/Users/ashutosh.bhalothia/.m2/repository/jakarta/activation/jakarta.activation-api/2.1.2/jakarta.activation-api-2.1.2.jar:/Users/ashutosh.bhalothia/.m2/repository/net/minidev/json-smart/2.5.0/json-smart-2.5.0.jar:/Users/ashutosh.bhalothia/.m2/repository/net/minidev/accessors-smart/2.5.0/accessors-smart-2.5.0.jar:/Users/ashutosh.bhalothia/.m2/repository/org/ow2/asm/asm/9.3/asm-9.3.jar:/Users/ashutosh.bhalothia/.m2/repository/org/assertj/assertj-core/3.24.2/assertj-core-3.24.2.jar:/Users/ashutosh.bhalothia/.m2/repository/net/bytebuddy/byte-buddy/1.14.11/byte-buddy-1.14.11.jar:/Users/ashutosh.bhalothia/.m2/repository/org/awaitility/awaitility/4.2.0/awaitility-4.2.0.jar:/Users/ashutosh.bhalothia/.m2/repository/org/hamcrest/hamcrest/2.2/hamcrest-2.2.jar:/Users/ashutosh.bhalothia/.m2/repository/org/junit/jupiter/junit-jupiter/5.10.1/junit-jupiter-5.10.1.jar:/Users/ashutosh.bhalothia/.m2/repository/org/junit/jupiter/junit-jupiter-api/5.10.1/junit-jupiter-api-5.10.1.jar:/Users/ashutosh.bhalothia/.m2/repository/org/opentest4j/opentest4j/1.3.0/opentest4j-1.3.0.jar:/Users/ashutosh.bhalothia/.m2/repository/org/junit/platform/junit-platform-commons/1.10.1/junit-platform-commons-1.10.1.jar:/Users/ashutosh.bhalothia/.m2/repository/org/apiguardian/apiguardian-api/1.1.2/apiguardian-api-1.1.2.jar:/Users/ashutosh.bhalothia/.m2/repository/org/junit/jupiter/junit-jupiter-params/5.10.1/junit-jupiter-params-5.10.1.jar:/Users/ashutosh.bhalothia/.m2/repository/org/junit/jupiter/junit-jupiter-engine/5.10.1/junit-jupiter-engine-5.10.1.jar:/Users/ashutosh.bhalothia/.m2/repository/org/junit/platform/junit-platform-engine/1.10.1/junit-platform-engine-1.10.1.jar:/Users/ashutosh.bhalothia/.m2/repository/org/mockito/mockito-core/5.7.0/mockito-core-5.7.0.jar:/Users/ashutosh.bhalothia/.m2/repository/net/bytebuddy/byte-buddy-agent/1.14.11/byte-buddy-agent-1.14.11.jar:/Users/ashutosh.bhalothia/.m2/repository/org/objenesis/objenesis/3.3/objenesis-3.3.jar:/Users/ashutosh.bhalothia/.m2/repository/org/mockito/mockito-junit-jupiter/5.7.0/mockito-junit-jupiter-5.7.0.jar:/Users/ashutosh.bhalothia/.m2/repository/org/skyscreamer/jsonassert/1.5.1/jsonassert-1.5.1.jar:/Users/ashutosh.bhalothia/.m2/repository/com/vaadin/external/google/android-json/0.0.20131108.vaadin1/android-json-0.0.20131108.vaadin1.jar:/Users/ashutosh.bhalothia/.m2/repository/org/springframework/spring-core/6.1.3/spring-core-6.1.3.jar:/Users/ashutosh.bhalothia/.m2/repository/org/springframework/spring-jcl/6.1.3/spring-jcl-6.1.3.jar:/Users/ashutosh.bhalothia/.m2/repository/org/springframework/spring-test/6.1.3/spring-test-6.1.3.jar:/Users/ashutosh.bhalothia/.m2/repository/org/xmlunit/xmlunit-core/2.9.1/xmlunit-core-2.9.1.jar:/Users/ashutosh.bhalothia/.m2/repository/org/slf4j/slf4j-api/2.0.11/slf4j-api-2.0.11.jar:/Users/ashutosh.bhalothia/.m2/repository/ch/qos/reload4j/reload4j/1.2.22/reload4j-1.2.22.jar:/Users/ashutosh.bhalothia/.m2/repository/org/apache/commons/commons-collections4/4.4/commons-collections4-4.4.jar:/Users/ashutosh.bhalothia/.m2/repository/org/jetbrains/annotations/24.1.0/annotations-24.1.0.jar:"/>
    <property name="java.vm.vendor" value="Oracle Corporation"/>
    <property name="sun.arch.data.model" value="64"/>
    <property name="java.vendor.url" value="https://java.oracle.com/"/>
    <property name="user.timezone" value="Asia/Kolkata"/>
    <property name="os.name" value="Mac OS X"/>
    <property name="java.vm.specification.version" value="20"/>
    <property name="sun.java.launcher" value="SUN_STANDARD"/>
    <property name="user.country" value="IN"/>
    <property name="sun.boot.library.path" value="/Users/ashutosh.bhalothia/Downloads/jdk-20.0.2.jdk/Contents/Home/lib"/>
    <property name="sun.java.command" value="/Users/ashutosh.bhalothia/Downloads/ashu/show/target/surefire/surefirebooter-20240216125919281_3.jar /Users/ashutosh.bhalothia/Downloads/ashu/show/target/surefire 2024-02-16T12-59-19_155-jvmRun1 surefire-20240216125919281_1tmp surefire_0-20240216125919281_2tmp"/>
    <property name="http.nonProxyHosts" value="local|*.local|169.254/16|*.169.254/16"/>
    <property name="jdk.debug" value="release"/>
    <property name="surefire.test.class.path" value="/Users/ashutosh.bhalothia/Downloads/ashu/show/target/test-classes:/Users/ashutosh.bhalothia/Downloads/ashu/show/target/classes:/Users/ashutosh.bhalothia/.m2/repository/org/springframework/boot/spring-boot-starter-data-mongodb/3.2.2/spring-boot-starter-data-mongodb-3.2.2.jar:/Users/ashutosh.bhalothia/.m2/repository/org/springframework/boot/spring-boot-starter/3.2.2/spring-boot-starter-3.2.2.jar:/Users/ashutosh.bhalothia/.m2/repository/org/springframework/boot/spring-boot/3.2.2/spring-boot-3.2.2.jar:/Users/ashutosh.bhalothia/.m2/repository/org/springframework/boot/spring-boot-autoconfigure/3.2.2/spring-boot-autoconfigure-3.2.2.jar:/Users/ashutosh.bhalothia/.m2/repository/org/springframework/boot/spring-boot-starter-logging/3.2.2/spring-boot-starter-logging-3.2.2.jar:/Users/ashutosh.bhalothia/.m2/repository/ch/qos/logback/logback-classic/1.4.14/logback-classic-1.4.14.jar:/Users/ashutosh.bhalothia/.m2/repository/ch/qos/logback/logback-core/1.4.14/logback-core-1.4.14.jar:/Users/ashutosh.bhalothia/.m2/repository/org/apache/logging/log4j/log4j-to-slf4j/2.21.1/log4j-to-slf4j-2.21.1.jar:/Users/ashutosh.bhalothia/.m2/repository/org/apache/logging/log4j/log4j-api/2.21.1/log4j-api-2.21.1.jar:/Users/ashutosh.bhalothia/.m2/repository/org/slf4j/jul-to-slf4j/2.0.11/jul-to-slf4j-2.0.11.jar:/Users/ashutosh.bhalothia/.m2/repository/jakarta/annotation/jakarta.annotation-api/2.1.1/jakarta.annotation-api-2.1.1.jar:/Users/ashutosh.bhalothia/.m2/repository/org/yaml/snakeyaml/2.2/snakeyaml-2.2.jar:/Users/ashutosh.bhalothia/.m2/repository/org/mongodb/mongodb-driver-sync/4.11.1/mongodb-driver-sync-4.11.1.jar:/Users/ashutosh.bhalothia/.m2/repository/org/mongodb/bson/4.11.1/bson-4.11.1.jar:/Users/ashutosh.bhalothia/.m2/repository/org/mongodb/mongodb-driver-core/4.11.1/mongodb-driver-core-4.11.1.jar:/Users/ashutosh.bhalothia/.m2/repository/org/mongodb/bson-record-codec/4.11.1/bson-record-codec-4.11.1.jar:/Users/ashutosh.bhalothia/.m2/repository/org/springframework/data/spring-data-mongodb/4.2.2/spring-data-mongodb-4.2.2.jar:/Users/ashutosh.bhalothia/.m2/repository/org/springframework/spring-tx/6.1.3/spring-tx-6.1.3.jar:/Users/ashutosh.bhalothia/.m2/repository/org/springframework/spring-context/6.1.3/spring-context-6.1.3.jar:/Users/ashutosh.bhalothia/.m2/repository/org/springframework/spring-beans/6.1.3/spring-beans-6.1.3.jar:/Users/ashutosh.bhalothia/.m2/repository/org/springframework/spring-expression/6.1.3/spring-expression-6.1.3.jar:/Users/ashutosh.bhalothia/.m2/repository/org/springframework/data/spring-data-commons/3.2.2/spring-data-commons-3.2.2.jar:/Users/ashutosh.bhalothia/.m2/repository/org/springframework/boot/spring-boot-starter-web/3.2.2/spring-boot-starter-web-3.2.2.jar:/Users/ashutosh.bhalothia/.m2/repository/org/springframework/boot/spring-boot-starter-json/3.2.2/spring-boot-starter-json-3.2.2.jar:/Users/ashutosh.bhalothia/.m2/repository/com/fasterxml/jackson/core/jackson-databind/2.15.3/jackson-databind-2.15.3.jar:/Users/ashutosh.bhalothia/.m2/repository/com/fasterxml/jackson/core/jackson-annotations/2.15.3/jackson-annotations-2.15.3.jar:/Users/ashutosh.bhalothia/.m2/repository/com/fasterxml/jackson/core/jackson-core/2.15.3/jackson-core-2.15.3.jar:/Users/ashutosh.bhalothia/.m2/repository/com/fasterxml/jackson/datatype/jackson-datatype-jdk8/2.15.3/jackson-datatype-jdk8-2.15.3.jar:/Users/ashutosh.bhalothia/.m2/repository/com/fasterxml/jackson/datatype/jackson-datatype-jsr310/2.15.3/jackson-datatype-jsr310-2.15.3.jar:/Users/ashutosh.bhalothia/.m2/repository/com/fasterxml/jackson/module/jackson-module-parameter-names/2.15.3/jackson-module-parameter-names-2.15.3.jar:/Users/ashutosh.bhalothia/.m2/repository/org/springframework/boot/spring-boot-starter-tomcat/3.2.2/spring-boot-starter-tomcat-3.2.2.jar:/Users/ashutosh.bhalothia/.m2/repository/org/apache/tomcat/embed/tomcat-embed-core/10.1.18/tomcat-embed-core-10.1.18.jar:/Users/ashutosh.bhalothia/.m2/repository/org/apache/tomcat/embed/tomcat-embed-el/10.1.18/tomcat-embed-el-10.1.18.jar:/Users/ashutosh.bhalothia/.m2/repository/org/apache/tomcat/embed/tomcat-embed-websocket/10.1.18/tomcat-embed-websocket-10.1.18.jar:/Users/ashutosh.bhalothia/.m2/repository/org/springframework/spring-web/6.1.3/spring-web-6.1.3.jar:/Users/ashutosh.bhalothia/.m2/repository/io/micrometer/micrometer-observation/1.12.2/micrometer-observation-1.12.2.jar:/Users/ashutosh.bhalothia/.m2/repository/io/micrometer/micrometer-commons/1.12.2/micrometer-commons-1.12.2.jar:/Users/ashutosh.bhalothia/.m2/repository/org/springframework/spring-webmvc/6.1.3/spring-webmvc-6.1.3.jar:/Users/ashutosh.bhalothia/.m2/repository/org/springframework/spring-aop/6.1.3/spring-aop-6.1.3.jar:/Users/ashutosh.bhalothia/.m2/repository/org/projectlombok/lombok/1.18.30/lombok-1.18.30.jar:/Users/ashutosh.bhalothia/.m2/repository/org/springframework/boot/spring-boot-starter-test/3.2.2/spring-boot-starter-test-3.2.2.jar:/Users/ashutosh.bhalothia/.m2/repository/org/springframework/boot/spring-boot-test/3.2.2/spring-boot-test-3.2.2.jar:/Users/ashutosh.bhalothia/.m2/repository/org/springframework/boot/spring-boot-test-autoconfigure/3.2.2/spring-boot-test-autoconfigure-3.2.2.jar:/Users/ashutosh.bhalothia/.m2/repository/com/jayway/jsonpath/json-path/2.8.0/json-path-2.8.0.jar:/Users/ashutosh.bhalothia/.m2/repository/jakarta/xml/bind/jakarta.xml.bind-api/4.0.1/jakarta.xml.bind-api-4.0.1.jar:/Users/ashutosh.bhalothia/.m2/repository/jakarta/activation/jakarta.activation-api/2.1.2/jakarta.activation-api-2.1.2.jar:/Users/ashutosh.bhalothia/.m2/repository/net/minidev/json-smart/2.5.0/json-smart-2.5.0.jar:/Users/ashutosh.bhalothia/.m2/repository/net/minidev/accessors-smart/2.5.0/accessors-smart-2.5.0.jar:/Users/ashutosh.bhalothia/.m2/repository/org/ow2/asm/asm/9.3/asm-9.3.jar:/Users/ashutosh.bhalothia/.m2/repository/org/assertj/assertj-core/3.24.2/assertj-core-3.24.2.jar:/Users/ashutosh.bhalothia/.m2/repository/net/bytebuddy/byte-buddy/1.14.11/byte-buddy-1.14.11.jar:/Users/ashutosh.bhalothia/.m2/repository/org/awaitility/awaitility/4.2.0/awaitility-4.2.0.jar:/Users/ashutosh.bhalothia/.m2/repository/org/hamcrest/hamcrest/2.2/hamcrest-2.2.jar:/Users/ashutosh.bhalothia/.m2/repository/org/junit/jupiter/junit-jupiter/5.10.1/junit-jupiter-5.10.1.jar:/Users/ashutosh.bhalothia/.m2/repository/org/junit/jupiter/junit-jupiter-api/5.10.1/junit-jupiter-api-5.10.1.jar:/Users/ashutosh.bhalothia/.m2/repository/org/opentest4j/opentest4j/1.3.0/opentest4j-1.3.0.jar:/Users/ashutosh.bhalothia/.m2/repository/org/junit/platform/junit-platform-commons/1.10.1/junit-platform-commons-1.10.1.jar:/Users/ashutosh.bhalothia/.m2/repository/org/apiguardian/apiguardian-api/1.1.2/apiguardian-api-1.1.2.jar:/Users/ashutosh.bhalothia/.m2/repository/org/junit/jupiter/junit-jupiter-params/5.10.1/junit-jupiter-params-5.10.1.jar:/Users/ashutosh.bhalothia/.m2/repository/org/junit/jupiter/junit-jupiter-engine/5.10.1/junit-jupiter-engine-5.10.1.jar:/Users/ashutosh.bhalothia/.m2/repository/org/junit/platform/junit-platform-engine/1.10.1/junit-platform-engine-1.10.1.jar:/Users/ashutosh.bhalothia/.m2/repository/org/mockito/mockito-core/5.7.0/mockito-core-5.7.0.jar:/Users/ashutosh.bhalothia/.m2/repository/net/bytebuddy/byte-buddy-agent/1.14.11/byte-buddy-agent-1.14.11.jar:/Users/ashutosh.bhalothia/.m2/repository/org/objenesis/objenesis/3.3/objenesis-3.3.jar:/Users/ashutosh.bhalothia/.m2/repository/org/mockito/mockito-junit-jupiter/5.7.0/mockito-junit-jupiter-5.7.0.jar:/Users/ashutosh.bhalothia/.m2/repository/org/skyscreamer/jsonassert/1.5.1/jsonassert-1.5.1.jar:/Users/ashutosh.bhalothia/.m2/repository/com/vaadin/external/google/android-json/0.0.20131108.vaadin1/android-json-0.0.20131108.vaadin1.jar:/Users/ashutosh.bhalothia/.m2/repository/org/springframework/spring-core/6.1.3/spring-core-6.1.3.jar:/Users/ashutosh.bhalothia/.m2/repository/org/springframework/spring-jcl/6.1.3/spring-jcl-6.1.3.jar:/Users/ashutosh.bhalothia/.m2/repository/org/springframework/spring-test/6.1.3/spring-test-6.1.3.jar:/Users/ashutosh.bhalothia/.m2/repository/org/xmlunit/xmlunit-core/2.9.1/xmlunit-core-2.9.1.jar:/Users/ashutosh.bhalothia/.m2/repository/org/slf4j/slf4j-api/2.0.11/slf4j-api-2.0.11.jar:/Users/ashutosh.bhalothia/.m2/repository/ch/qos/reload4j/reload4j/1.2.22/reload4j-1.2.22.jar:/Users/ashutosh.bhalothia/.m2/repository/org/apache/commons/commons-collections4/4.4/commons-collections4-4.4.jar:/Users/ashutosh.bhalothia/.m2/repository/org/jetbrains/annotations/24.1.0/annotations-24.1.0.jar:"/>
    <property name="sun.cpu.endian" value="little"/>
    <property name="user.home" value="/Users/ashutosh.bhalothia"/>
    <property name="user.language" value="en"/>
    <property name="java.specification.vendor" value="Oracle Corporation"/>
    <property name="java.version.date" value="2023-07-18"/>
    <property name="java.home" value="/Users/ashutosh.bhalothia/Downloads/jdk-20.0.2.jdk/Contents/Home"/>
    <property name="file.separator" value="/"/>
    <property name="basedir" value="/Users/ashutosh.bhalothia/Downloads/ashu/show"/>
    <property name="java.vm.compressedOopsMode" value="Zero based"/>
    <property name="line.separator" value="&#10;"/>
    <property name="java.vm.specification.vendor" value="Oracle Corporation"/>
    <property name="java.specification.name" value="Java Platform API Specification"/>
    <property name="FILE_LOG_CHARSET" value="UTF-8"/>
    <property name="java.awt.headless" value="true"/>
    <property name="apple.awt.application.name" value="ForkedBooter"/>
    <property name="surefire.real.class.path" value="/Users/ashutosh.bhalothia/Downloads/ashu/show/target/surefire/surefirebooter-20240216125919281_3.jar"/>
    <property name="sun.management.compiler" value="HotSpot 64-Bit Tiered Compilers"/>
    <property name="ftp.nonProxyHosts" value="local|*.local|169.254/16|*.169.254/16"/>
    <property name="java.runtime.version" value="20.0.2+9-78"/>
    <property name="user.name" value="ashutosh.bhalothia"/>
    <property name="stdout.encoding" value="US-ASCII"/>
    <property name="path.separator" value=":"/>
    <property name="os.version" value="14.2.1"/>
    <property name="java.runtime.name" value="OpenJDK Runtime Environment"/>
    <property name="file.encoding" value="UTF-8"/>
    <property name="java.vm.name" value="OpenJDK 64-Bit Server VM"/>
    <property name="localRepository" value="/Users/ashutosh.bhalothia/.m2/repository"/>
    <property name="java.vendor.url.bug" value="https://bugreport.java.com/bugreport/"/>
    <property name="java.io.tmpdir" value="/var/folders/b4/szjcz_s144gb3gxt40dyfyt00000gq/T/"/>
    <property name="idea.version" value="2022.2.5"/>
    <property name="java.version" value="20.0.2"/>
    <property name="user.dir" value="/Users/ashutosh.bhalothia/Downloads/ashu/show"/>
    <property name="os.arch" value="x86_64"/>
    <property name="java.vm.specification.name" value="Java Virtual Machine Specification"/>
    <property name="PID" value="67835"/>
    <property name="CONSOLE_LOG_CHARSET" value="UTF-8"/>
    <property name="native.encoding" value="US-ASCII"/>
    <property name="java.library.path" value="/Users/ashutosh.bhalothia/Library/Java/Extensions:/Library/Java/Extensions:/Network/Library/Java/Extensions:/System/Library/Java/Extensions:/usr/lib/java:."/>
    <property name="java.vm.info" value="mixed mode, sharing"/>
    <property name="stderr.encoding" value="US-ASCII"/>
    <property name="java.vendor" value="Oracle Corporation"/>
    <property name="java.vm.version" value="20.0.2+9-78"/>
    <property name="sun.io.unicode.encoding" value="UnicodeBig"/>
    <property name="socksNonProxyHosts" value="local|*.local|169.254/16|*.169.254/16"/>
    <property name="java.class.version" value="64.0"/>
  </properties>
  <testcase name="contextLoads" classname="com.backend.show.ShowApplicationTests" time="1.094">
    <system-out><![CDATA[12:59:20,362 |-INFO in ch.qos.logback.classic.LoggerContext[default] - This is logback-classic version 1.4.14
12:59:20,364 |-INFO in ch.qos.logback.classic.util.ContextInitializer@19976a65 - Here is a list of configurators discovered as a service, by rank: 
12:59:20,364 |-INFO in ch.qos.logback.classic.util.ContextInitializer@19976a65 -   org.springframework.boot.logging.logback.RootLogLevelConfigurator
12:59:20,364 |-INFO in ch.qos.logback.classic.util.ContextInitializer@19976a65 - They will be invoked in order until ExecutionStatus.DO_NOT_INVOKE_NEXT_IF_ANY is returned.
12:59:20,364 |-INFO in ch.qos.logback.classic.util.ContextInitializer@19976a65 - Constructed configurator of type class org.springframework.boot.logging.logback.RootLogLevelConfigurator
12:59:20,385 |-INFO in ch.qos.logback.classic.util.ContextInitializer@19976a65 - org.springframework.boot.logging.logback.RootLogLevelConfigurator.configure() call lasted 0 milliseconds. ExecutionStatus=INVOKE_NEXT_IF_ANY
12:59:20,385 |-INFO in ch.qos.logback.classic.util.ContextInitializer@19976a65 - Trying to configure with ch.qos.logback.classic.joran.SerializedModelConfigurator
12:59:20,386 |-INFO in ch.qos.logback.classic.util.ContextInitializer@19976a65 - Constructed configurator of type class ch.qos.logback.classic.joran.SerializedModelConfigurator
12:59:20,391 |-INFO in ch.qos.logback.classic.LoggerContext[default] - Could NOT find resource [logback-test.scmo]
12:59:20,392 |-INFO in ch.qos.logback.classic.LoggerContext[default] - Could NOT find resource [logback.scmo]
12:59:20,392 |-INFO in ch.qos.logback.classic.util.ContextInitializer@19976a65 - ch.qos.logback.classic.joran.SerializedModelConfigurator.configure() call lasted 6 milliseconds. ExecutionStatus=INVOKE_NEXT_IF_ANY
12:59:20,392 |-INFO in ch.qos.logback.classic.util.ContextInitializer@19976a65 - Trying to configure with ch.qos.logback.classic.util.DefaultJoranConfigurator
12:59:20,393 |-INFO in ch.qos.logback.classic.util.ContextInitializer@19976a65 - Constructed configurator of type class ch.qos.logback.classic.util.DefaultJoranConfigurator
12:59:20,393 |-INFO in ch.qos.logback.classic.LoggerContext[default] - Could NOT find resource [logback-test.xml]
12:59:20,401 |-INFO in ch.qos.logback.classic.LoggerContext[default] - Found resource [logback.xml] at [file:/Users/ashutosh.bhalothia/Downloads/ashu/show/target/classes/logback.xml]
12:59:20,502 |-INFO in ch.qos.logback.core.model.processor.AppenderModelHandler - Processing appender named [STDOUT]
12:59:20,502 |-INFO in ch.qos.logback.core.model.processor.AppenderModelHandler - About to instantiate appender of type [ch.qos.logback.core.ConsoleAppender]
12:59:20,550 |-INFO in ch.qos.logback.core.model.processor.AppenderModelHandler - Processing appender named [FILE-AUDIT]
12:59:20,550 |-INFO in ch.qos.logback.core.model.processor.AppenderModelHandler - About to instantiate appender of type [ch.qos.logback.core.rolling.RollingFileAppender]
12:59:20,565 |-INFO in c.q.l.core.rolling.TimeBasedRollingPolicy@169833205 - No compression will be used
12:59:20,566 |-INFO in c.q.l.core.rolling.TimeBasedRollingPolicy@169833205 - Will use the pattern /opt/log/my-project/archived/feed.%d{yyyy-MM-dd}.%i.log for the active file
12:59:20,628 |-INFO in ch.qos.logback.core.rolling.SizeAndTimeBasedFNATP@4b2c5e02 - The date pattern is 'yyyy-MM-dd' from file name pattern '/opt/log/my-project/archived/feed.%d{yyyy-MM-dd}.%i.log'.
12:59:20,628 |-INFO in ch.qos.logback.core.rolling.SizeAndTimeBasedFNATP@4b2c5e02 - Roll-over at midnight.
12:59:20,641 |-INFO in ch.qos.logback.core.rolling.SizeAndTimeBasedFNATP@4b2c5e02 - Setting initial period to 2024-02-16T07:19:50.831Z
12:59:20,642 |-WARN in ch.qos.logback.core.rolling.SizeAndTimeBasedFNATP@4b2c5e02 - SizeAndTimeBasedFNATP is deprecated. Use SizeAndTimeBasedRollingPolicy instead
12:59:20,642 |-WARN in ch.qos.logback.core.rolling.SizeAndTimeBasedFNATP@4b2c5e02 - For more information see http://logback.qos.ch/manual/appenders.html#SizeAndTimeBasedRollingPolicy
12:59:20,651 |-INFO in ch.qos.logback.core.rolling.RollingFileAppender[FILE-AUDIT] - Active log file name: /opt/log/my-project/feed.log
12:59:20,652 |-INFO in ch.qos.logback.core.rolling.RollingFileAppender[FILE-AUDIT] - File property is set to [/opt/log/my-project/feed.log]
12:59:20,653 |-INFO in ch.qos.logback.classic.model.processor.LoggerModelHandler - Setting level of logger [org.springframework.web] to ERROR
12:59:20,658 |-INFO in ch.qos.logback.classic.model.processor.LoggerModelHandler - Setting additivity of logger [org.springframework.web] to false
12:59:20,659 |-INFO in ch.qos.logback.core.model.processor.AppenderRefModelHandler - Attaching appender named [FILE-AUDIT] to Logger[org.springframework.web]
12:59:20,659 |-INFO in ch.qos.logback.classic.model.processor.LoggerModelHandler - Setting level of logger [com.backend] to DEBUG
12:59:20,659 |-INFO in ch.qos.logback.classic.model.processor.LoggerModelHandler - Setting additivity of logger [com.backend] to false
12:59:20,659 |-INFO in ch.qos.logback.core.model.processor.AppenderRefModelHandler - Attaching appender named [FILE-AUDIT] to Logger[com.backend]
12:59:20,659 |-INFO in ch.qos.logback.core.model.processor.AppenderRefModelHandler - Attaching appender named [STDOUT] to Logger[com.backend]
12:59:20,660 |-INFO in ch.qos.logback.classic.model.processor.RootLoggerModelHandler - Setting level of ROOT logger to ERROR
12:59:20,660 |-INFO in ch.qos.logback.core.model.processor.AppenderRefModelHandler - Attaching appender named [FILE-AUDIT] to Logger[ROOT]
12:59:20,660 |-INFO in ch.qos.logback.core.model.processor.AppenderRefModelHandler - Attaching appender named [STDOUT] to Logger[ROOT]
12:59:20,660 |-INFO in ch.qos.logback.core.model.processor.DefaultProcessor@57a3e26a - End of configuration.
12:59:20,660 |-INFO in ch.qos.logback.classic.joran.JoranConfigurator@75c56eb9 - Registering current configuration as safe fallback point
12:59:20,660 |-INFO in ch.qos.logback.classic.util.ContextInitializer@19976a65 - ch.qos.logback.classic.util.DefaultJoranConfigurator.configure() call lasted 267 milliseconds. ExecutionStatus=DO_NOT_INVOKE_NEXT_IF_ANY

12:59:21,373 |-INFO in ch.qos.logback.core.model.processor.AppenderModelHandler - Processing appender named [STDOUT]
12:59:21,373 |-INFO in ch.qos.logback.core.model.processor.AppenderModelHandler - About to instantiate appender of type [ch.qos.logback.core.ConsoleAppender]
12:59:21,378 |-INFO in ch.qos.logback.core.model.processor.AppenderModelHandler - Processing appender named [FILE-AUDIT]
12:59:21,378 |-INFO in ch.qos.logback.core.model.processor.AppenderModelHandler - About to instantiate appender of type [ch.qos.logback.core.rolling.RollingFileAppender]
12:59:21,382 |-INFO in c.q.l.core.rolling.TimeBasedRollingPolicy@1340051218 - No compression will be used
12:59:21,383 |-INFO in c.q.l.core.rolling.TimeBasedRollingPolicy@1340051218 - Will use the pattern /opt/log/my-project/archived/feed.%d{yyyy-MM-dd}.%i.log for the active file
12:59:21,384 |-INFO in ch.qos.logback.core.rolling.SizeAndTimeBasedFNATP@4a8b5227 - The date pattern is 'yyyy-MM-dd' from file name pattern '/opt/log/my-project/archived/feed.%d{yyyy-MM-dd}.%i.log'.
12:59:21,384 |-INFO in ch.qos.logback.core.rolling.SizeAndTimeBasedFNATP@4a8b5227 - Roll-over at midnight.
12:59:21,385 |-INFO in ch.qos.logback.core.rolling.SizeAndTimeBasedFNATP@4a8b5227 - Setting initial period to 2024-02-16T07:19:50.831Z
12:59:21,385 |-WARN in ch.qos.logback.core.rolling.SizeAndTimeBasedFNATP@4a8b5227 - SizeAndTimeBasedFNATP is deprecated. Use SizeAndTimeBasedRollingPolicy instead
12:59:21,385 |-WARN in ch.qos.logback.core.rolling.SizeAndTimeBasedFNATP@4a8b5227 - For more information see http://logback.qos.ch/manual/appenders.html#SizeAndTimeBasedRollingPolicy
12:59:21,386 |-INFO in ch.qos.logback.core.rolling.RollingFileAppender[FILE-AUDIT] - Active log file name: /opt/log/my-project/feed.log
12:59:21,386 |-INFO in ch.qos.logback.core.rolling.RollingFileAppender[FILE-AUDIT] - File property is set to [/opt/log/my-project/feed.log]
12:59:21,386 |-INFO in ch.qos.logback.classic.model.processor.LoggerModelHandler - Setting level of logger [org.springframework.web] to ERROR
12:59:21,386 |-INFO in ch.qos.logback.classic.jul.LevelChangePropagator@54f5f647 - Propagating ERROR level on Logger[org.springframework.web] onto the JUL framework
12:59:21,387 |-INFO in ch.qos.logback.classic.model.processor.LoggerModelHandler - Setting additivity of logger [org.springframework.web] to false
12:59:21,387 |-INFO in ch.qos.logback.core.model.processor.AppenderRefModelHandler - Attaching appender named [FILE-AUDIT] to Logger[org.springframework.web]
12:59:21,387 |-INFO in ch.qos.logback.classic.model.processor.LoggerModelHandler - Setting level of logger [com.backend] to DEBUG
12:59:21,387 |-INFO in ch.qos.logback.classic.jul.LevelChangePropagator@54f5f647 - Propagating DEBUG level on Logger[com.backend] onto the JUL framework
12:59:21,387 |-INFO in ch.qos.logback.classic.model.processor.LoggerModelHandler - Setting additivity of logger [com.backend] to false
12:59:21,387 |-INFO in ch.qos.logback.core.model.processor.AppenderRefModelHandler - Attaching appender named [FILE-AUDIT] to Logger[com.backend]
12:59:21,387 |-INFO in ch.qos.logback.core.model.processor.AppenderRefModelHandler - Attaching appender named [STDOUT] to Logger[com.backend]
12:59:21,387 |-INFO in ch.qos.logback.classic.model.processor.RootLoggerModelHandler - Setting level of ROOT logger to ERROR
12:59:21,387 |-INFO in ch.qos.logback.classic.jul.LevelChangePropagator@54f5f647 - Propagating ERROR level on Logger[ROOT] onto the JUL framework
12:59:21,387 |-INFO in ch.qos.logback.core.model.processor.AppenderRefModelHandler - Attaching appender named [FILE-AUDIT] to Logger[ROOT]
12:59:21,387 |-INFO in ch.qos.logback.core.model.processor.AppenderRefModelHandler - Attaching appender named [STDOUT] to Logger[ROOT]
12:59:21,387 |-INFO in ch.qos.logback.core.model.processor.DefaultProcessor@6979efad - End of configuration.
12:59:21,387 |-INFO in org.springframework.boot.logging.logback.SpringBootJoranConfigurator@5a6d5a8f - Registering current configuration as safe fallback point


  .   ____          _            __ _ _
 /\\ / ___'_ __ _ _(_)_ __  __ _ \ \ \ \
( ( )\___ | '_ | '_| | '_ \/ _` | \ \ \ \
 \\/  ___)| |_)| | | | | || (_| |  ) ) ) )
  '  |____| .__|_| |_|_| |_\__, | / / / /
 =========|_|==============|___/=/_/_/_/
 :: Spring Boot ::                (v3.2.2)

2024-02-16 12:59:21 INFO  c.backend.show.ShowApplicationTests - Starting ShowApplicationTests using Java 20.0.2 with PID 67835 (started by ashutosh.bhalothia in /Users/ashutosh.bhalothia/Downloads/ashu/show)
2024-02-16 12:59:21 DEBUG c.backend.show.ShowApplicationTests - Running with Spring Boot v3.2.2, Spring v6.1.3
2024-02-16 12:59:21 INFO  c.backend.show.ShowApplicationTests - No active profile set, falling back to 1 default profile: "default"
mongodb://localhost:27017/test
MongoClientSettings{readPreference=primary, writeConcern=WriteConcern{w=null, wTimeout=null ms, journal=null}, retryWrites=true, retryReads=true, readConcern=ReadConcern{level=null}, credential=null, transportSettings=null, streamFactoryFactory=null, commandListeners=[], codecRegistry=ProvidersCodecRegistry{codecProviders=[ValueCodecProvider{}, BsonValueCodecProvider{}, DBRefCodecProvider{}, DBObjectCodecProvider{}, DocumentCodecProvider{}, CollectionCodecProvider{}, IterableCodecProvider{}, MapCodecProvider{}, GeoJsonCodecProvider{}, GridFSFileCodecProvider{}, Jsr310CodecProvider{}, JsonObjectCodecProvider{}, BsonCodecProvider{}, EnumCodecProvider{}, com.mongodb.client.model.mql.ExpressionCodecProvider@3f598450, com.mongodb.Jep395RecordCodecProvider@2db2a05f, com.mongodb.KotlinCodecProvider@695c938d]}, loggerSettings=LoggerSettings{maxDocumentLength=1000}, clusterSettings={hosts=[localhost:27017], srvServiceName=mongodb, mode=SINGLE, requiredClusterType=UNKNOWN, requiredReplicaSetName='null', serverSelector='null', clusterListeners='[]', serverSelectionTimeout='30000 ms', localThreshold='15 ms'}, socketSettings=SocketSettings{connectTimeoutMS=10000, readTimeoutMS=0, receiveBufferSize=0, proxySettings=ProxySettings{host=null, port=null, username=null, password=null}}, heartbeatSocketSettings=SocketSettings{connectTimeoutMS=10000, readTimeoutMS=10000, receiveBufferSize=0, proxySettings=ProxySettings{host=null, port=null, username=null, password=null}}, connectionPoolSettings=ConnectionPoolSettings{maxSize=100, minSize=0, maxWaitTimeMS=120000, maxConnectionLifeTimeMS=0, maxConnectionIdleTimeMS=0, maintenanceInitialDelayMS=0, maintenanceFrequencyMS=60000, connectionPoolListeners=[], maxConnecting=2}, serverSettings=ServerSettings{heartbeatFrequencyMS=10000, minHeartbeatFrequencyMS=500, serverListeners='[]', serverMonitorListeners='[]'}, sslSettings=SslSettings{enabled=false, invalidHostNameAllowed=false, context=null}, applicationName='null', compressorList=[], uuidRepresentation=UNSPECIFIED, serverApi=null, autoEncryptionSettings=null, dnsClient=null, inetAddressResolver=null, contextProvider=null}
2024-02-16 12:59:24 INFO  c.backend.show.ShowApplicationTests - Started ShowApplicationTests in 3.721 seconds (process running for 5.416)
]]></system-out>
  </testcase>
</testsuite>